<?xml version="1.0" encoding="UTF-8"?>
<!-- Generated by org.testng.reporters.JUnitReportReporter -->
<testsuite hostname="DESKTOP-7SUL1QA" failures="0" tests="2" name="com.pom.LoginGmailPageTest" time="19.104" errors="0" timestamp="2021-02-02T08:44:29 IST" skipped="0">
  <testcase classname="com.pom.LoginGmailPageTest" name="verifyValidLogin" time="19.090"/>
  <system-out/>
  <testcase classname="com.pom.LoginGmailPageTest" name="gmailtitletest" time="0.014"/>
  <system-out/>
</testsuite> <!-- com.pom.LoginGmailPageTest -->
